Copyright 1986-2018 Xilinx, Inc. All Rights Reserved.
------------------------------------------------------------------------------------
| Tool Version : Vivado v.2018.2 (lin64) Build 2258646 Thu Jun 14 20:02:38 MDT 2018
| Date         : Wed Oct 15 00:23:02 2025
| Host         : kc-ThinkPad-T14-Gen-5 running 64-bit Ubuntu 22.04.5 LTS
| Command      : report_control_sets -verbose -file Top_control_sets_placed.rpt
| Design       : Top
| Device       : xc7a35t
------------------------------------------------------------------------------------

Control Set Information

Table of Contents
-----------------
1. Summary
2. Histogram
3. Flip-Flop Distribution
4. Detailed Control Set Information

1. Summary
----------

+----------------------------------------------------------+-------+
|                          Status                          | Count |
+----------------------------------------------------------+-------+
| Number of unique control sets                            |    22 |
| Unused register locations in slices containing registers |    64 |
+----------------------------------------------------------+-------+


2. Histogram
------------

+--------+--------------+
| Fanout | Control Sets |
+--------+--------------+
|      2 |            4 |
|     10 |            1 |
|    16+ |           17 |
+--------+--------------+


3. Flip-Flop Distribution
-------------------------

+--------------+-----------------------+------------------------+-----------------+--------------+
| Clock Enable | Synchronous Set/Reset | Asynchronous Set/Reset | Total Registers | Total Slices |
+--------------+-----------------------+------------------------+-----------------+--------------+
| No           | No                    | No                     |             142 |           29 |
| No           | No                    | Yes                    |               0 |            0 |
| No           | Yes                   | No                     |              30 |            8 |
| Yes          | No                    | No                     |             184 |           22 |
| Yes          | No                    | Yes                    |               0 |            0 |
| Yes          | Yes                   | No                     |             220 |           35 |
+--------------+-----------------------+------------------------+-----------------+--------------+


4. Detailed Control Set Information
-----------------------------------

+----------------------------+---------------------------------------------+----------------------------------+------------------+----------------+
|        Clock Signal        |                Enable Signal                |         Set/Reset Signal         | Slice Load Count | Bel Load Count |
+----------------------------+---------------------------------------------+----------------------------------+------------------+----------------+
|  ov7670_pclk               | ov7670_capture/href_d_i_1_n_0               |                                  |                1 |              2 |
|  disp_clocks/inst/clk_out2 |                                             | ov7670/i2c/sioc_i_1_n_0          |                1 |              2 |
|  disp_clocks/inst/clk_out1 |                                             | vga/vga_vsync0                   |                1 |              2 |
|  disp_clocks/inst/clk_out1 |                                             | vga/vga_hsync0                   |                1 |              2 |
|  ov7670_pclk               |                                             |                                  |                4 |             10 |
|  disp_clocks/inst/clk_out2 | ov7670/i2c/divider[7]_i_1_n_0               |                                  |                3 |             16 |
|  disp_clocks/inst/clk_out2 | ov7670/i2c/busy_sr0                         | ov7670/i2c/data_sr[30]_i_1_n_0   |                4 |             22 |
|  disp_clocks/inst/clk_out1 |                                             | vga/blank                        |                5 |             24 |
|  ov7670_pclk               | ov7670_capture/dout[14]_i_1_n_0             |                                  |                4 |             30 |
|  ov7670_pclk               | ov7670_capture/h_r_0                        | ov7670_capture/addr[16]_i_1_n_0  |                4 |             30 |
|  led0                      |                                             |                                  |                9 |             30 |
|  ov7670_pclk               | ov7670_href_IBUF                            | ov7670_capture/addr[16]_i_1_n_0  |                8 |             30 |
|  disp_clocks/inst/clk_out2 | ov7670/i2c/E[0]                             | btnU_IBUF                        |                4 |             32 |
|  ov7670_pclk               | ov7670_capture/addr[16]_i_2_n_0             | ov7670_capture/addr[16]_i_1_n_0  |                5 |             34 |
|  ov7670_pclk               | ov7670_capture/cam_y_reg[8]_1[0]            | ov7670_capture/cam_y_reg[8]_0[0] |                4 |             34 |
|  disp_clocks/inst/clk_out1 | vga/E[0]                                    |                                  |                5 |             38 |
|  ov7670_pclk               | ov7670_capture/E[0]                         | ov7670_capture/SR[0]             |                6 |             38 |
|  ov7670_pclk               | ov7670_capture/line_r_reg_0_63_0_0_i_1_n_0  |                                  |                5 |             38 |
|  disp_clocks/inst/clk_out2 |                                             |                                  |                6 |             44 |
|  disp_clocks/inst/clk_out1 |                                             |                                  |               11 |             60 |
|  disp_clocks/inst/clk_out2 | ov7670/i2c/busy_sr0                         |                                  |                9 |             98 |
|  ov7670_pclk               | ov7670_capture/line_r_reg_0_255_0_0_i_2_n_0 |                                  |               19 |            152 |
+----------------------------+---------------------------------------------+----------------------------------+------------------+----------------+


